Listening on port 3000
/account/findAccount : Found user
/account/findAccount : Found user
/account/findAccount : Wrong private info
/account/findAccount : Found user
/account/findAccount : Found user
/account/findAccount : Found user
Listening on port 3000
/account/findAccount : Found user
/account/findAccount : Found user
Socket connected : HBgQXdfRYB6elNWxAAAB
Socket disconnected : HBgQXdfRYB6elNWxAAAB
/account/login : Login success
Socket connected : U_aFuvcdmSHNHbLWAAAD
Socket disconnected : U_aFuvcdmSHNHbLWAAAD
Listening on port 3000
Socket connected : 0HQVknAhrxzlint4AAAB
Socket disconnected : 0HQVknAhrxzlint4AAAB
Socket connected : FhuJKvf9QC1i6U1nAAAE
Socket disconnected : FhuJKvf9QC1i6U1nAAAE
Socket connected : fDFMjMAfcFpUp1xFAAAG
Socket disconnected : fDFMjMAfcFpUp1xFAAAG
Socket connected : HUWab01YyAUvjK1BAAAI
Socket disconnected : HUWab01YyAUvjK1BAAAI
Socket connected : YHEgmnyjPMwla_SQAAAK
Socket disconnected : YHEgmnyjPMwla_SQAAAK
Socket connected : KEFScmx1ZK8MG3gKAAAM
Socket disconnected : KEFScmx1ZK8MG3gKAAAM
Socket connected : 3cDp1rmEd_zexlEoAAAO
/account/login : Login success
Socket disconnected : 3cDp1rmEd_zexlEoAAAO
Listening on port 3000
